<?xml version="1.0" encoding="UTF-8"?>
<coverage generated="1525708616076" clover="3.2.0">
  <project timestamp="1525708616076" name="All files">
    <metrics statements="5" coveredstatements="5" conditionals="2" coveredconditionals="2" methods="1" coveredmethods="1" elements="8" coveredelements="8" complexity="0" loc="5" ncloc="5" packages="1" files="1" classes="1">
      <file name="reduce.js" path="/home/tgmarinho/Development/jest-in-practice/src/reduce/reduce.js">
        <metrics statements="5" coveredstatements="5" conditionals="2" coveredconditionals="2" methods="1" coveredmethods="1"/>
        <line num="1" count="1" type="stmt"/>
        <line num="2" count="2" type="cond" truecount="2" falsecount="0"/>
        <line num="3" count="2" type="stmt"/>
        <line num="4" count="6" type="stmt"/>
        <line num="7" count="2" type="stmt"/>
      </file>
    </metrics>
  </project>
</coverage>
