{"/home/tgmarinho/Development/jest-in-practice/src/every/every.js": {"path":"/home/tgmarinho/Development/jest-in-practice/src/every/every.js","statementMap":{"0":{"start":{"line":1,"column":14},"end":{"line":10,"column":1}},"1":{"start":{"line":2,"column":3},"end":{"line":6,"column":4}},"2":{"start":{"line":3,"column":7},"end":{"line":5,"column":8}},"3":{"start":{"line":4,"column":11},"end":{"line":4,"column":23}},"4":{"start":{"line":8,"column":3},"end":{"line":8,"column":15}}},"fnMap":{"0":{"name":"(anonymous_0)","decl":{"start":{"line":1,"column":14},"end":{"line":1,"column":15}},"loc":{"start":{"line":1,"column":29},"end":{"line":10,"column":1}},"line":1}},"branchMap":{"0":{"loc":{"start":{"line":3,"column":7},"end":{"line":5,"column":8}},"type":"if","locations":[{"start":{"line":3,"column":7},"end":{"line":5,"column":8}},{"start":{"line":3,"column":7},"end":{"line":5,"column":8}}],"line":3}},"s":{"0":2,"1":8,"2":14,"3":2,"4":6},"f":{"0":8},"b":{"0":[2,12]},"_coverageSchema":"332fd63041d2c1bcb487cc26dd0d5f7d97098a6c","hash":"d4ff48893e902f7bfbceaa2f83782f82876deee4"}
,"/home/tgmarinho/Development/jest-in-practice/src/filter/filter-recursive.js": {"path":"/home/tgmarinho/Development/jest-in-practice/src/filter/filter-recursive.js","statementMap":{"0":{"start":{"line":1,"column":15},"end":{"line":10,"column":1}},"1":{"start":{"line":2,"column":2},"end":{"line":9,"column":15}},"2":{"start":{"line":3,"column":30},"end":{"line":3,"column":43}},"3":{"start":{"line":5,"column":6},"end":{"line":8,"column":54}}},"fnMap":{"0":{"name":"(anonymous_0)","decl":{"start":{"line":1,"column":15},"end":{"line":1,"column":16}},"loc":{"start":{"line":1,"column":32},"end":{"line":10,"column":1}},"line":1},"1":{"name":"filterInternal","decl":{"start":{"line":2,"column":19},"end":{"line":2,"column":33}},"loc":{"start":{"line":2,"column":58},"end":{"line":9,"column":3}},"line":2}},"branchMap":{"0":{"loc":{"start":{"line":5,"column":13},"end":{"line":8,"column":54}},"type":"cond-expr","locations":[{"start":{"line":6,"column":8},"end":{"line":6,"column":10}},{"start":{"line":7,"column":8},"end":{"line":8,"column":54}}],"line":5},"1":{"loc":{"start":{"line":7,"column":9},"end":{"line":7,"column":48}},"type":"cond-expr","locations":[{"start":{"line":7,"column":38},"end":{"line":7,"column":44}},{"start":{"line":7,"column":46},"end":{"line":7,"column":48}}],"line":7}},"s":{"0":1,"1":5,"2":24,"3":24},"f":{"0":5,"1":24},"b":{"0":[5,19],"1":[13,6]},"_coverageSchema":"332fd63041d2c1bcb487cc26dd0d5f7d97098a6c","hash":"cbd40e252aa2ea7994c949d576343e8de21bd153"}
,"/home/tgmarinho/Development/jest-in-practice/src/filter/filter.js": {"path":"/home/tgmarinho/Development/jest-in-practice/src/filter/filter.js","statementMap":{"0":{"start":{"line":1,"column":15},"end":{"line":10,"column":1}},"1":{"start":{"line":2,"column":19},"end":{"line":2,"column":21}},"2":{"start":{"line":3,"column":4},"end":{"line":7,"column":5}},"3":{"start":{"line":4,"column":8},"end":{"line":6,"column":9}},"4":{"start":{"line":5,"column":12},"end":{"line":5,"column":35}},"5":{"start":{"line":9,"column":4},"end":{"line":9,"column":20}}},"fnMap":{"0":{"name":"(anonymous_0)","decl":{"start":{"line":1,"column":15},"end":{"line":1,"column":16}},"loc":{"start":{"line":1,"column":32},"end":{"line":10,"column":1}},"line":1}},"branchMap":{"0":{"loc":{"start":{"line":4,"column":8},"end":{"line":6,"column":9}},"type":"if","locations":[{"start":{"line":4,"column":8},"end":{"line":6,"column":9}},{"start":{"line":4,"column":8},"end":{"line":6,"column":9}}],"line":4}},"s":{"0":1,"1":5,"2":5,"3":19,"4":13,"5":5},"f":{"0":5},"b":{"0":[13,6]},"_coverageSchema":"332fd63041d2c1bcb487cc26dd0d5f7d97098a6c","hash":"26f4ab9d4263a2bb5d8836da5ceb464ed38c53ba"}
,"/home/tgmarinho/Development/jest-in-practice/src/map/map-recursive.js": {"path":"/home/tgmarinho/Development/jest-in-practice/src/map/map-recursive.js","statementMap":{"0":{"start":{"line":1,"column":14},"end":{"line":1,"column":15}},"1":{"start":{"line":3,"column":12},"end":{"line":13,"column":1}},"2":{"start":{"line":3,"column":42},"end":{"line":3,"column":46}},"3":{"start":{"line":4,"column":4},"end":{"line":11,"column":16}},"4":{"start":{"line":5,"column":32},"end":{"line":5,"column":45}},"5":{"start":{"line":7,"column":8},"end":{"line":10,"column":9}}},"fnMap":{"0":{"name":"(anonymous_0)","decl":{"start":{"line":3,"column":12},"end":{"line":3,"column":13}},"loc":{"start":{"line":3,"column":51},"end":{"line":13,"column":1}},"line":3},"1":{"name":"(anonymous_1)","decl":{"start":{"line":3,"column":32},"end":{"line":3,"column":33}},"loc":{"start":{"line":3,"column":42},"end":{"line":3,"column":46}},"line":3},"2":{"name":"mapInternal","decl":{"start":{"line":4,"column":21},"end":{"line":4,"column":32}},"loc":{"start":{"line":4,"column":57},"end":{"line":11,"column":5}},"line":4}},"branchMap":{"0":{"loc":{"start":{"line":3,"column":13},"end":{"line":3,"column":23}},"type":"default-arg","locations":[{"start":{"line":3,"column":21},"end":{"line":3,"column":23}}],"line":3},"1":{"loc":{"start":{"line":3,"column":25},"end":{"line":3,"column":46}},"type":"default-arg","locations":[{"start":{"line":3,"column":32},"end":{"line":3,"column":46}}],"line":3},"2":{"loc":{"start":{"line":7,"column":15},"end":{"line":10,"column":9}},"type":"cond-expr","locations":[{"start":{"line":7,"column":44},"end":{"line":7,"column":46}},{"start":{"line":7,"column":49},"end":{"line":10,"column":9}}],"line":7}},"s":{"0":1,"1":1,"2":0,"3":7,"4":21,"5":21},"f":{"0":7,"1":0,"2":21},"b":{"0":[0],"1":[0],"2":[7,14]},"_coverageSchema":"332fd63041d2c1bcb487cc26dd0d5f7d97098a6c","hash":"8b79196bc810bad4a40b33b2f497c6ecb5d13564"}
,"/home/tgmarinho/Development/jest-in-practice/src/map/map.js": {"path":"/home/tgmarinho/Development/jest-in-practice/src/map/map.js","statementMap":{"0":{"start":{"line":1,"column":12},"end":{"line":8,"column":1}},"1":{"start":{"line":1,"column":42},"end":{"line":1,"column":46}},"2":{"start":{"line":3,"column":19},"end":{"line":3,"column":21}},"3":{"start":{"line":4,"column":4},"end":{"line":5,"column":47}},"4":{"start":{"line":5,"column":8},"end":{"line":5,"column":47}},"5":{"start":{"line":7,"column":4},"end":{"line":7,"column":19}}},"fnMap":{"0":{"name":"(anonymous_0)","decl":{"start":{"line":1,"column":12},"end":{"line":1,"column":13}},"loc":{"start":{"line":1,"column":51},"end":{"line":8,"column":1}},"line":1},"1":{"name":"(anonymous_1)","decl":{"start":{"line":1,"column":32},"end":{"line":1,"column":33}},"loc":{"start":{"line":1,"column":42},"end":{"line":1,"column":46}},"line":1}},"branchMap":{"0":{"loc":{"start":{"line":1,"column":13},"end":{"line":1,"column":23}},"type":"default-arg","locations":[{"start":{"line":1,"column":21},"end":{"line":1,"column":23}}],"line":1},"1":{"loc":{"start":{"line":1,"column":25},"end":{"line":1,"column":46}},"type":"default-arg","locations":[{"start":{"line":1,"column":32},"end":{"line":1,"column":46}}],"line":1}},"s":{"0":1,"1":0,"2":7,"3":7,"4":14,"5":7},"f":{"0":7,"1":0},"b":{"0":[0],"1":[0]},"_coverageSchema":"332fd63041d2c1bcb487cc26dd0d5f7d97098a6c","hash":"b5b5ed069313704b493df06ac50296d07aa37837"}
}
