{"/home/tgmarinho/Development/jest-in-practice/src/reduce/reduce-recursive.js": {"path":"/home/tgmarinho/Development/jest-in-practice/src/reduce/reduce-recursive.js","statementMap":{"0":{"start":{"line":2,"column":32},"end":{"line":2,"column":76}},"1":{"start":{"line":2,"column":50},"end":{"line":2,"column":76}},"2":{"start":{"line":3,"column":15},"end":{"line":16,"column":1}},"3":{"start":{"line":5,"column":17},"end":{"line":5,"column":78}},"4":{"start":{"line":6,"column":21},"end":{"line":6,"column":79}},"5":{"start":{"line":8,"column":4},"end":{"line":14,"column":23}},"6":{"start":{"line":9,"column":32},"end":{"line":9,"column":43}},"7":{"start":{"line":10,"column":24},"end":{"line":10,"column":71}},"8":{"start":{"line":10,"column":30},"end":{"line":10,"column":71}},"9":{"start":{"line":11,"column":8},"end":{"line":13,"column":54}}},"fnMap":{"0":{"name":"(anonymous_0)","decl":{"start":{"line":2,"column":32},"end":{"line":2,"column":33}},"loc":{"start":{"line":2,"column":50},"end":{"line":2,"column":76}},"line":2},"1":{"name":"(anonymous_1)","decl":{"start":{"line":3,"column":15},"end":{"line":3,"column":16}},"loc":{"start":{"line":3,"column":44},"end":{"line":16,"column":1}},"line":3},"2":{"name":"reduceInternal","decl":{"start":{"line":8,"column":21},"end":{"line":8,"column":35}},"loc":{"start":{"line":8,"column":71},"end":{"line":14,"column":5}},"line":8},"3":{"name":"(anonymous_3)","decl":{"start":{"line":10,"column":24},"end":{"line":10,"column":25}},"loc":{"start":{"line":10,"column":30},"end":{"line":10,"column":71}},"line":10}},"branchMap":{"0":{"loc":{"start":{"line":5,"column":17},"end":{"line":5,"column":78}},"type":"cond-expr","locations":[{"start":{"line":5,"column":57},"end":{"line":5,"column":63}},{"start":{"line":5,"column":66},"end":{"line":5,"column":78}}],"line":5},"1":{"loc":{"start":{"line":6,"column":21},"end":{"line":6,"column":79}},"type":"cond-expr","locations":[{"start":{"line":6,"column":61},"end":{"line":6,"column":73}},{"start":{"line":6,"column":76},"end":{"line":6,"column":79}}],"line":6},"2":{"loc":{"start":{"line":11,"column":15},"end":{"line":13,"column":54}},"type":"cond-expr","locations":[{"start":{"line":12,"column":10},"end":{"line":12,"column":21}},{"start":{"line":13,"column":10},"end":{"line":13,"column":54}}],"line":11}},"s":{"0":1,"1":8,"2":1,"3":4,"4":4,"5":4,"6":14,"7":14,"8":10,"9":14},"f":{"0":8,"1":4,"2":14,"3":10},"b":{"0":[1,3],"1":[1,3],"2":[4,10]},"_coverageSchema":"332fd63041d2c1bcb487cc26dd0d5f7d97098a6c","hash":"b87ddc0143d8decf015dfd268e6e2b586b7268e9"}
}
