TN:
SF:/home/tgmarinho/Development/jest-in-practice/src/every/every.js
FN:1,(anonymous_0)
FNF:1
FNH:1
FNDA:8,(anonymous_0)
DA:1,2
DA:2,8
DA:3,14
DA:4,2
DA:8,6
LF:5
LH:5
BRDA:3,0,0,2
BRDA:3,0,1,12
BRF:2
BRH:2
end_of_record
TN:
SF:/home/tgmarinho/Development/jest-in-practice/src/filter/filter-recursive.js
FN:1,(anonymous_0)
FN:2,filterInternal
FNF:2
FNH:2
FNDA:5,(anonymous_0)
FNDA:24,filterInternal
DA:1,1
DA:2,5
DA:3,24
DA:5,24
LF:4
LH:4
BRDA:5,0,0,5
BRDA:5,0,1,19
BRDA:7,1,0,13
BRDA:7,1,1,6
BRF:4
BRH:4
end_of_record
TN:
SF:/home/tgmarinho/Development/jest-in-practice/src/filter/filter.js
FN:1,(anonymous_0)
FNF:1
FNH:1
FNDA:5,(anonymous_0)
DA:1,1
DA:2,5
DA:3,5
DA:4,19
DA:5,13
DA:9,5
LF:6
LH:6
BRDA:4,0,0,13
BRDA:4,0,1,6
BRF:2
BRH:2
end_of_record
TN:
SF:/home/tgmarinho/Development/jest-in-practice/src/map/map-recursive.js
FN:3,(anonymous_0)
FN:3,(anonymous_1)
FN:4,mapInternal
FNF:3
FNH:2
FNDA:7,(anonymous_0)
FNDA:0,(anonymous_1)
FNDA:21,mapInternal
DA:1,1
DA:3,1
DA:4,7
DA:5,21
DA:7,21
LF:5
LH:5
BRDA:3,0,0,0
BRDA:3,1,0,0
BRDA:7,2,0,7
BRDA:7,2,1,14
BRF:4
BRH:2
end_of_record
TN:
SF:/home/tgmarinho/Development/jest-in-practice/src/map/map.js
FN:1,(anonymous_0)
FN:1,(anonymous_1)
FNF:2
FNH:1
FNDA:7,(anonymous_0)
FNDA:0,(anonymous_1)
DA:1,1
DA:3,7
DA:4,7
DA:5,14
DA:7,7
LF:5
LH:5
BRDA:1,0,0,0
BRDA:1,1,0,0
BRF:2
BRH:0
end_of_record
