TN:
SF:/home/tgmarinho/Development/jest-in-practice/src/reduce/main-reduce.js
FN:1,(anonymous_0)
FNF:1
FNH:1
FNDA:4,(anonymous_0)
DA:1,1
DA:2,4
DA:3,4
DA:5,4
DA:6,1
DA:7,1
DA:10,4
DA:11,10
DA:14,4
LF:9
LH:9
BRDA:5,0,0,1
BRDA:5,0,1,3
BRF:2
BRH:2
end_of_record
TN:
SF:/home/tgmarinho/Development/jest-in-practice/src/reduce/reduce-recursive.js
FN:2,(anonymous_0)
FN:3,(anonymous_1)
FN:8,reduceInternal
FN:10,(anonymous_3)
FNF:4
FNH:4
FNDA:8,(anonymous_0)
FNDA:4,(anonymous_1)
FNDA:14,reduceInternal
FNDA:10,(anonymous_3)
DA:2,8
DA:3,1
DA:5,4
DA:6,4
DA:8,4
DA:9,14
DA:10,14
DA:11,14
LF:8
LH:8
BRDA:5,0,0,1
BRDA:5,0,1,3
BRDA:6,1,0,1
BRDA:6,1,1,3
BRDA:11,2,0,4
BRDA:11,2,1,10
BRF:6
BRH:6
end_of_record
TN:
SF:/home/tgmarinho/Development/jest-in-practice/src/reduce/reduce-right.js
FN:5,(anonymous_0)
FNF:1
FNH:1
FNDA:1,(anonymous_0)
DA:5,1
LF:1
LH:1
BRF:0
BRH:0
end_of_record
TN:
SF:/home/tgmarinho/Development/jest-in-practice/src/reduce/reduce.js
FNF:0
FNH:0
DA:4,1
LF:1
LH:1
BRF:0
BRH:0
end_of_record
TN:
SF:/home/tgmarinho/Development/jest-in-practice/src/reverse/reverse.js
FN:1,(anonymous_0)
FNF:1
FNH:1
FNDA:1,(anonymous_0)
DA:1,1
DA:2,1
DA:3,1
DA:4,3
DA:6,1
LF:5
LH:5
BRF:0
BRH:0
end_of_record
